<?xml version="1.0" encoding="UTF-8"?>
<!-- Generated by org.testng.reporters.JUnitXMLReporter -->
<testsuite ignored="1" hostname="DESKTOP-QMC73QV" failures="0" tests="1" name="SuitTest1" time="0.062" errors="0" timestamp="2023-06-09T20:45:08 IST">
  <testcase classname="BaseCode.BaseGeneric" name="@BeforeTest OpenApp" time="0.006">
    <failure type="java.lang.NullPointerException" message="Cannot invoke &amp;quot;org.openqa.selenium.WebDriver.get(String)&amp;quot; because &amp;quot;this.driver&amp;quot; is null">
      <![CDATA[java.lang.NullPointerException: Cannot invoke "org.openqa.selenium.WebDriver.get(String)" because "this.driver" is null
at BaseCode.BaseGeneric.OpenApp(BaseGeneric.java:33)
... Removed 24 stack frames]]>
    </failure>
  </testcase> <!-- @BeforeTest OpenApp -->
  <testcase classname="BaseCode.BaseGeneric" name="@BeforeClass openBrowser" time="-1.686323708094E9">
    <skipped/>
  </testcase> <!-- @BeforeClass openBrowser -->
  <testcase classname="BaseCode.OpenApp" name="loginApp" time="0.0">
    <skipped/>
  </testcase> <!-- loginApp -->
  <testcase classname="BaseCode.BaseGeneric" name="@BeforeTest OpenApp" time="0.0">
    <ignored/>
  </testcase> <!-- @BeforeTest OpenApp -->
</testsuite> <!-- SuitTest1 -->
