<?xml version="1.0" encoding="UTF-8"?>
<testng-results ignored="0" total="1" passed="1" failed="0" skipped="0">
  <reporter-output>
    <line>
      <![CDATA[loginAppexecution is passed,true]]>
    </line>
  </reporter-output>
  <suite started-at="2023-06-13T14:19:17 IST" name="Suite" finished-at="2023-06-13T14:19:23 IST" duration-ms="5860">
    <groups>
    </groups>
    <test started-at="2023-06-13T14:19:17 IST" name="SuitTest1" finished-at="2023-06-13T14:19:23 IST" duration-ms="5860">
      <class name="BaseCode.OpenApp">
        <test-method is-config="true" signature="openBrowser(java.lang.String)[pri:0, instance:BaseCode.OpenApp@1d119efb]" started-at="2023-06-13T14:19:17 IST" name="openBrowser" finished-at="2023-06-13T14:19:19 IST" duration-ms="2204" status="PASS">
          <params>
            <param index="0">
              <value>
                <![CDATA[Chrome]]>
              </value>
            </param>
          </params>
          <reporter-output>
          </reporter-output>
        </test-method> <!-- openBrowser -->
        <test-method is-config="true" signature="OpenApp()[pri:0, instance:BaseCode.OpenApp@1d119efb]" started-at="2023-06-13T14:19:19 IST" name="OpenApp" finished-at="2023-06-13T14:19:22 IST" duration-ms="3162" status="PASS">
          <reporter-output>
          </reporter-output>
        </test-method> <!-- OpenApp -->
        <test-method signature="loginApp()[pri:0, instance:BaseCode.OpenApp@1d119efb]" started-at="2023-06-13T14:19:22 IST" name="loginApp" finished-at="2023-06-13T14:19:23 IST" duration-ms="455" status="PASS">
          <reporter-output>
          </reporter-output>
        </test-method> <!-- loginApp -->
        <test-method is-config="true" signature="testMethodExecutionResult(org.testng.ITestResult)[pri:0, instance:BaseCode.OpenApp@1d119efb]" started-at="2023-06-13T14:19:23 IST" name="testMethodExecutionResult" finished-at="2023-06-13T14:19:23 IST" duration-ms="2" status="PASS">
          <params>
            <param index="0">
              <value>
                <![CDATA[[TestResult name=loginApp status=SUCCESS method=OpenApp.loginApp()[pri:0, instance:BaseCode.OpenApp@1d119efb] output={null}]]]>
              </value>
            </param>
          </params>
          <reporter-output>
            <line>
              <![CDATA[loginAppexecution is passed,true]]>
            </line>
          </reporter-output>
        </test-method> <!-- testMethodExecutionResult -->
      </class> <!-- BaseCode.OpenApp -->
    </test> <!-- SuitTest1 -->
  </suite> <!-- Suite -->
</testng-results>
